13
[[8, 4.583333333333333], [12, 4.777777777777778], [10, 5.066666666666666], [6, 5.111111111111111], [1, 5.333333333333333], [4, 5.5], [13, 6.102564102564102], [9, 6.148148148148149], [11, 6.242424242424242], [2, 6.333333333333333]]
[65]
"q#rwrvsvs s#s$wrwss\"s$wxwxs srwxr s r\"wrsusqs%wsr%wrrur\"s swsswrsusvsvwtsvs sys#s'squrq wts$s\"wts rpsurrr wtr$s#sqsvwrq\"wxs#sqsyrpwtsywrswrqs$svsys'"
[90]
"j8ilimhmh;h8h?lilhh9h?lclch;hilci;h;i9lihnhjh>lhi>liini9h;hlhhlihnhmhmlohmh;hbh8h<hjnij;loh?h9loh;ikhniii;loi?h8hjhmlij9lch8hjhbiklohblihlijh?hmhbh<"
[91]
"k9hmhlili:i9i>mhmii8i>mbmbi:ihmbh:i:h8mhioiki?mih?mhhoh8i:imiimhioililmnili:ici9i=ikohk:mni>i8mni:hjiohhh:mnh>i9ikilmhk8mbi9ikichjmnicmhimhki>ilici="
[58, 65]
"\n#\tw\tv\bv\b \b#\b$\fr\fs\b\"\b$\fx\fx\b \br\fx\t \b \t\"\fr\bu\bq\b%\fs\t%\fr\tu\t\"\b \bw\bs\fr\bu\bv\bv\ft\bv\b \by\b#\b'\bq\x0Er\n \ft\b$\b\"\ft\b \tp\bu\tr\t \ft\t$\b#\bq\bv\fr\n\"\fx\b#\bq\by\tp\ft\by\fr\bw\tq\b$\bv\by\b'"
[59, 92]
"\v>\bj\bk\tk\t=\t>\t9\ro\rn\t?\t9\re\re\t=\to\re\b=\t=\b?\ro\th\tl\t8\rn\b8\ro\bh\b?\t=\tj\tn\ro\th\tk\tk\ri\tk\t=\td\t>\t:\tl\x0Fo\v=\ri\t9\t?\ri\t=\bm\th\bo\b=\ri\b9\t>\tl\tk\ro\v?\re\t>\tl\td\bm\ri\td\ro\tj\bl\t9\tk\td\t:"
[87, 90]
"g8dldmeme;e8e?aiahe9e?acace;eiacd;e;d9aieneje>ahd>aidnd9e;elehaienememaoeme;ebe8e<ejcig;aoe?e9aoe;dkendid;aod?e8ejemaig9ace8ejebdkaoebaieldje?emebe<"
[65, 65, 65]
"q#rwrvsvs s#s$wrwss\"s$wxwxs srwxr s r\"wrsusqs%wsr%wrrur\"s swsswrsusvsvwtsvs sys#s'squrq wts$s\"wts rpsurrr wtr$s#sqsvwrq\"wxs#sqsyrpwtsywrswrqs$svsys'"
[70, 94, 91]
"v<hpmltii'l9t;muhit=i#hbpgi'lhpgh'l:u=mulotni\"hiu:mumou=i'lmtlmulotiiqhntii'lct<i lkrmk'hnt;i%hnt?hwloumh'hnu;i$lktimun8pgi$lktfhwhntfmulmuni#lltfi "
[66, 95, 90]
"r=itlmphh#m8p:lqihp<h'ictfh#mitfi#m;q<lqmnpoh&ihq;lqlnq<h#mlpmlqmnphhuiophh#mbp=h$mjvlj#iop:h!iop>ismnqli#ioq:h mjphlqo9tfh mjpgisiopglqmlqoh'mmpgh$"
[58, 65, 58, 65]
"\n#\tw\tv\bv\b \b#\b$\fr\fs\b\"\b$\fx\fx\b \br\fx\t \b \t\"\fr\bu\bq\b%\fs\t%\fr\tu\t\"\b \bw\bs\fr\bu\bv\bv\ft\bv\b \by\b#\b'\bq\x0Er\n \ft\b$\b\"\ft\b \tp\bu\tr\t \ft\t$\b#\bq\bv\fr\n\"\fx\b#\bq\by\tp\ft\by\fr\bw\tq\b$\bv\by\b'"
[59, 93, 59, 94]
"\v?\bh\bj\ti\t<\t<\t8\rm\ro\t=\t8\rg\rd\t?\tn\rg\b<\t?\b>\rm\ti\tn\t9\rl\b9\rm\bi\b=\t<\th\to\rm\ti\ti\tj\rk\tj\t?\te\t<\t;\tn\x0Fn\v?\rh\t;\t>\rk\t<\bo\ti\bm\b<\rk\b8\t<\tm\ti\rn\v=\rd\t<\tm\tf\bl\rk\te\rm\tk\bn\t8\ti\te\t8"
[62, 92, 87, 84]
"\x0E>db\rkec\f=e6\f9ag\bne7\f9am\bee5\foam\r=e5\r?ag\fhed\f8af\r8ag\rhd7\f=eb\fnag\fhec\fkaa\fke5\fde6\f:ed\nog5\bie1\f?aa\f=de\fhdg\r=aa\r9e6\flec\bog7\bee6\flel\rmaa\fdag\fjdd\f9ec\fde2"
[65, 87, 65, 65, 67]
"q5rwpvevs\"s5s$urass s2wxuxe spwnr q d\"wpscsqq%asr'wdrup\"e susewrquevstwbsvq eys!s1sqwrg wvs2s\"ute rrscrrp atr&s5sqqvarq wns#qqeyrrwbsyurewrss2svqye'"
[91, 93, 91, 95, 66]
"k?hiqlolm#i?i:thkim!i8mftbo:mqmdh>p:n8iqiiiop?kil&mnhkq8o:mtiomlpoolmumhihp:ocm i;iovhm:iwi8i<tno:lsiihlq:knl'i?ioplkho!mdi=pkoclsmhigthomlri8ihpco="
[95, 91, 90, 85, 69]
"o9icvhimg$m9h0slmhg&m>llsfi;gvibi4w>h9cvmohew;mhf!ihiav<i;gsmilfwkimgrinhbw>ibg'm=heqlk;cpm>h6sji;ftmoifv>mof m9hewhmie&ibh7woibftinhmslilfum>hbwgi<"
[58, 86, 58, 19, 58, 65]
"\n4\t%\tv\ba\br\b#\b3\f \fs\b5\bv\fx\fo\br\br\fo\tr\b \t5\f \bu\bf\bw\fs\t2\f \tu\t5\br\bw\bd\f \bu\ba\b$\ft\ba\br\by\b4\bu\bq\x0Ee\nr\ft\b3\bp\ft\b7\t\"\bu\te\tr\ft\t3\bq\bq\ba\f \n\"\fo\bq\bq\bn\t\"\ft\bn\f \bw\tf\bv\bv\bn\bu"
[59, 65, 59, 17, 59, 81]
"\v#\b'\bf\tv\tp\t3\t$\r\"\rc\t\"\tt\rh\rx\tp\tb\rx\bp\t0\b\"\r\"\te\tq\tu\rc\b%\r\"\be\b\"\tp\tg\ts\r\"\te\tv\t&\rd\tv\tp\ti\t#\tw\ta\x0Fr\vp\rd\t$\tr\rd\t \b \te\br\bp\rd\b$\ts\ta\tv\r\"\v2\rx\ts\ta\ty\b \rd\ty\r\"\tg\bq\tt\tf\ty\tw"
[62, 81, 62, 22, 62, 91]
"\x0E3\r \rl\ff\fw\f9\f4\b%\bi\f2\fs\bb\bh\fw\fh\bh\rw\f:\r2\b%\fo\fa\fr\bi\r5\b%\ro\r2\fw\fm\fc\b%\fo\ff\f!\bn\ff\fw\fc\f3\fp\fk\nb\x0Ew\bn\f4\fu\bn\f0\r'\fo\rb\rw\bn\r4\ft\fk\ff\b%\x0E8\bh\ft\fk\fi\r'\bn\fi\b%\fm\ra\fs\fl\fi\fp"
[65, 65, 67, 65, 90, 65, 65]
"q#pwivsvs\"s8s$wrush\"s$wzwcs sruxi s r wisusqq%lsr%wprnr\"s qwhswrswsmsvwtqvh sys!s<squrs lts$s wos rpquirr wvr?s#sqqvlrq\"wzs8sqsyppltsywpslrqs$qvhys'"
[91, 66, 65, 90, 91, 91, 67]
"k rlhlqlp h9i&mqwhi8q>txlbi\"iqwch:q:q\"lhiwirs>mip?trioh i#sliiuhpuhlitmwsmi:qcp#h=isoqq;mnq>p\"lni\"hssnhhp:tti>i!irsmmhs8txh9isizrkmnqctrhmhsi'smicq="
[95, 87, 87, 95, 64, 90, 69]
"o5dismwhe6m\"h idamr9w:aniyh$mdafs;w>d4ishqmge;vhv;adlti&m6eirhslecmwhribehr;wge5m&hukdg>vow:e4iuh$lfeksiv>abl%h'mgehviu<anm\"humodnvowgadmvium2ehrbw9"
[58, 65, 58, 65, 62, 86, 58, 65]
"\n#\tw\ra\bv\b \b#\f3\fr\fs\b\"\f3\fx\fx\b \fe\fx\t \b \r5\fr\bu\bq\f2\fs\t%\fr\rb\t\"\b \bw\fd\fr\bu\bv\fa\ft\bv\b \fn\b#\b'\bq\ne\n \ft\b$\f5\ft\b \tp\fb\tr\t \ft\r3\b#\bq\bv\be\n\"\fx\b#\ff\by\tp\ft\fn\fr\bw\tq\f3\bv\by\b'"
[59, 92, 59, 66, 63, 81, 59, 86]
"\v>\bt\ff\ta\t=\t \r4\re\rn\t!\r4\ro\re\t#\rb\ro\b=\t#\f2\re\th\tr\r5\rd\b8\rq\fe\b5\t=\tt\rc\re\th\tu\rf\rc\tk\t#\ri\t4\t:\tr\vb\v7\ri\t'\r2\rc\t=\bs\re\be\b=\rw\f4\t4\tl\tu\tb\v5\re\t \ra\tn\bm\rw\ri\re\tj\br\r4\ta\td\t$"
[62, 93, 62, 67, 56, 92, 62, 92]
"\x0E?\ru\vk\fk\f<\f!\n9\bo\bo\f \n9\be\bd\f\"\no\be\r<\f\"\v?\bo\fi\fs\n8\bn\r9\bp\vh\r?\f<\fu\nn\bo\fi\ft\nk\bi\fj\f\"\nd\f>\f;\fs\fo\x0E=\bh\f&\n?\bi\f<\rr\nh\ro\r<\bv\v9\f>\fm\ft\x0Eo\x0E?\bd\f!\nl\fd\rl\bv\nd\bo\fk\rs\n9\fk\fe\f%"
[65, 66, 66, 65, 95, 81, 65, 65, 65]
"q qwlfsvs p s:grwss!p$ihwxs pqwfb s r!trmesqs%tpr;grrur!p mgsswrpvshcvwtsup mis#s'prula wts'p\"ids rppvrlb wtr'p#masvwrr!wfc#sqszqpidsywrptroc$svszp'"
[70, 94, 67, 70, 94, 113, 69, 94, 91]
"v<ppmFwii'l!t;Gvhit=q#hHsgi'lppgB$l:u=uulEwni\"hqu:Gvmou=q'lGwlmulwtiCrhntiq'lIw<i lsrmA$hnt;q%hDw?hwlwumB$hnu;q$lAwimun pgC'lktfpwhDwfmuluunC lltfq "
[68, 95, 87, 66, 81, 91, 66, 95, 64]
"t=dtblphr%m5p4mqirv<e'gbtfr%mdthh#m!w<aqcopor ieq5mqltw<e#cmpmvwmcpfiuiuvhe#ccp=r\"mgvbk#iuv:e!gnp>sumcqbh#iuw:e ckphvwo4thi mpvgdsgnpgvwmaqai'mwvge$"
[58, 92, 58, 65, 62, 65, 58, 65, 58, 67]
"\n>\tw\rv\bv\b\"\b>\b$\br\fs\b \b9\fx\bx\b \bp\fe\t \f \t\"\fp\bh\bq\f%\fs\t'\fo\tu\r\"\b \bu\bn\fr\fu\bv\bt\fi\bv\f \by\b!\b:\bq\nr\n \fv\b9\b\"\bt\b \tr\bh\tr\r \ft\t&\b>\bq\fv\fr\n \fe\b#\fq\by\tr\fi\by\br\bw\ts\b9\bv\fy\b'"
[59, 93, 59, 81, 63, 86, 59, 91, 59, 69]
"\v?\bg\fa\tl\t$\t?\t4\te\ri\t&\t8\rh\to\t:\tv\rd\b0\r7\b8\rv\ti\ta\r2\ri\b!\rn\be\f5\t:\ts\to\rb\rb\tl\tr\rh\tf\r7\tc\t'\t;\ta\ve\v:\rp\t8\t2\tc\t:\bt\ti\bb\f7\rn\b \t?\ta\ra\rh\v&\rd\t3\rf\tc\bt\rh\ti\te\tm\bu\t8\tf\rn\t="
[62, 90, 62, 85, 58, 92, 62, 90, 62, 66]
"\x0E8\rc\tk\fm\f#\f8\f0\fo\bh\f!\f?\bl\fe\f;\fq\bc\r4\b=\r9\bq\fn\fe\b8\bh\r&\bi\ra\t?\f;\ft\fh\bf\bh\fm\fu\bo\fb\b=\fb\f \f<\fe\x0Eo\x0E;\bw\f?\f6\fi\f;\rs\fn\rf\t=\bo\r'\f8\fe\bk\bi\x0E!\bc\f7\bl\fb\rs\bo\fm\fo\fl\rr\f?\fb\bd\f<"
[94, 86, 65, 95, 70, 65, 65, 62, 67, 65, 69]
"n4riuvs\tq w<d$iuws\f s howft s\ruxv?d l%wr\fwsul2wmu%w\rpuv=d mpss\bpsqlashpts\tq wfd#m sq\npq$hcs:t\"w\vq vodulur \bvr l4sotvw\rs\"sgd#mvsy\rrwplnwltwr\x0Eq$widym "
[95, 81, 66, 94, 67, 68, 87, 63, 93, 87, 65]
"o3qhpse\bo6s=c'hpre\r>e$ihtgq%e\fknr>c#m rd\rieqm5tlp a\fncr<c#luve\tneumfpiuqe\bo6sgc l%vg\vng idp;q'a\no6rncvmpw6\thd$m3pnqsa\fm4wfc lsvo\flatmitmqrd\x0Fo2shczl%"
[65, 91, 87, 81, 87, 67, 95, 91, 87, 67, 91]
"q9dgdtmle\"i#i2gdumi4q>wbahe\"mhazh i6b4ulicqks?acd'ihdwh\"i6caqmmdqoslefavmle\"iyi5c1qoods:wne4e ine\"hpicbdp>mbp>s9eaetihg mxi5cgqghfunscabeulke&ivioc1"
[58, 65, 58, 19, 58, 81, 58, 86, 58, 17, 58, 65]
"\n#\t%\tf\ba\bp\b#\b$\f \fc\b5\bt\fx\fx\br\bb\fo\tp\b \t\"\f \be\bf\bu\fs\t%\f \te\t5\bp\bw\bs\f \be\ba\b&\ft\bv\br\bi\b4\bw\bq\x0Er\nr\fd\b3\br\ft\b \t\"\be\te\tp\ft\t$\bq\ba\ba\f\"\n\"\fx\bq\ba\bn\t \ft\by\f \bg\tf\bt\bv\by\bu"
[59, 86, 59, 65, 59, 113, 59, 81, 59, 19, 59, 67]
"\v4\bw\bF\tf\tr\t!\t3\rr\rC\t2\tv\rz\ro\t \tB\rh\br\t\"\b5\rr\tE\ta\tw\rq\b2\rr\bE\b2\tr\tu\td\rr\tE\tf\t$\rv\ta\t \tI\t3\tu\ts\x0Fe\v \rD\t4\tp\rv\t7\bp\tE\bb\br\rv\b3\t#\tA\tf\r \v \ro\t#\tA\ti\b\"\rv\tn\rr\tG\ba\tv\tt\tn\t'"
[62, 92, 62, 66, 62, 91, 62, 95, 62, 23, 62, 81]
"\x0E>\rt\rl\fh\fv\f3\f9\bq\bi\f<\fr\bh\be\f#\fh\bf\rv\f0\r?\bq\fo\fo\fs\bc\r8\bq\ro\r<\fv\fg\fn\bq\fo\fh\f \bd\fk\f#\fc\f=\fq\fa\no\x0E#\bn\f:\ft\bd\f=\rs\fo\rl\rv\bd\r9\f \fk\fh\b$\x0E2\be\f \fk\fg\r&\bd\fd\bq\fm\ro\fr\ff\fd\f$"
